<?xml version="1.0" encoding="UTF-8"?>
<!-- Generated by org.testng.reporters.JUnitReportReporter -->
<testsuite hostname="chavi" failures="0" tests="1" name="restAPI.PostRequest" time="1.250" errors="0" timestamp="14 Sep 2024 16:36:33 GMT" skipped="0">
  <testcase classname="restAPI.PostRequest" name="test1" time="1.250"/>
</testsuite> <!-- restAPI.PostRequest -->
