<?xml version="1.0" encoding="UTF-8"?>
<!-- Generated by org.testng.reporters.JUnitReportReporter -->
<testsuite hostname="chavi" failures="0" tests="1" name="restAPI.XMLExample" time="2.355" errors="0" timestamp="15 Sep 2024 14:55:52 GMT" skipped="0">
  <testcase classname="restAPI.XMLExample" name="test1" time="2.355"/>
</testsuite> <!-- restAPI.XMLExample -->
