<?xml version="1.0" encoding="UTF-8"?>
<!-- Generated by org.testng.reporters.JUnitReportReporter -->
<testsuite hostname="chavi" failures="0" tests="4" name="restAPIBDD.GetRequest" time="4.272" errors="0" timestamp="23 Sep 2024 05:42:34 GMT" skipped="0">
  <testcase classname="restAPIBDD.GetRequest" name="Test1" time="1.569"/>
  <testcase classname="restAPIBDD.GetRequest" name="TestWithQueryParams" time="1.791"/>
  <testcase classname="restAPIBDD.GetRequest" name="TestWithPathParams" time="0.069"/>
  <testcase classname="restAPIBDD.GetRequest" name="TestWithBasicAuth" time="0.843"/>
</testsuite> <!-- restAPIBDD.GetRequest -->
