<?xml version="1.0" encoding="UTF-8"?>
<!-- Generated by org.testng.reporters.JUnitReportReporter -->
<testsuite hostname="chavi" failures="0" tests="1" name="restAPI.PostRequestwithfile" time="0.898" errors="0" timestamp="15 Sep 2024 14:19:44 GMT" skipped="0">
  <testcase classname="restAPI.PostRequestwithfile" name="test1" time="0.898"/>
</testsuite> <!-- restAPI.PostRequestwithfile -->
