<?xml version="1.0" encoding="UTF-8"?>
<!-- Generated by org.testng.reporters.JUnitReportReporter -->
<testsuite hostname="chavi" failures="0" tests="1" name="restAPI.GetRequest" time="1.522" errors="0" timestamp="14 Sep 2024 16:20:47 GMT" skipped="0">
  <testcase classname="restAPI.GetRequest" name="test1" time="1.522"/>
</testsuite> <!-- restAPI.GetRequest -->
