<?xml version="1.0" encoding="UTF-8"?>
<!-- Generated by org.testng.reporters.JUnitReportReporter -->
<testsuite hostname="chavi" failures="0" tests="1" name="apiauth.BasicAuthExample" time="1.745" errors="0" timestamp="15 Sep 2024 15:08:34 GMT" skipped="0">
  <testcase classname="apiauth.BasicAuthExample" name="test1" time="1.745"/>
</testsuite> <!-- apiauth.BasicAuthExample -->
