<?xml version="1.0" encoding="UTF-8"?>
<!-- Generated by org.testng.reporters.JUnitReportReporter -->
<testsuite hostname="chavi" failures="0" tests="1" name="restAPI.GetRequestWithQueryParams" time="2.207" errors="0" timestamp="15 Sep 2024 14:19:59 GMT" skipped="0">
  <testcase classname="restAPI.GetRequestWithQueryParams" name="test1" time="2.207"/>
</testsuite> <!-- restAPI.GetRequestWithQueryParams -->
