<?xml version="1.0" encoding="UTF-8"?>
<!-- Generated by org.testng.reporters.JUnitReportReporter -->
<testsuite hostname="chavi" failures="0" tests="1" name="restAPI.GetRequestWithParameters" time="1.327" errors="0" timestamp="23 Sep 2024 06:08:37 GMT" skipped="0">
  <testcase classname="restAPI.GetRequestWithParameters" name="test1" time="1.327"/>
</testsuite> <!-- restAPI.GetRequestWithParameters -->
