<?xml version="1.0" encoding="UTF-8"?>
<!-- Generated by org.testng.reporters.JUnitReportReporter -->
<testsuite hostname="chavi" failures="0" tests="1" name="restAPI.PutRequestwithHash" time="1.148" errors="0" timestamp="15 Sep 2024 13:41:04 GMT" skipped="0">
  <testcase classname="restAPI.PutRequestwithHash" name="test1" time="1.148"/>
</testsuite> <!-- restAPI.PutRequestwithHash -->
